This is pdfTeX, Version 3.141592-1.40.3 (Web2C 7.5.6) (format=pdflatex 2009.11.12)  20 JAN 2010 10:26
entering extended mode
**visualRefCard.tex
(./visualRefCard.tex
LaTeX2e <2005/12/01>
Babel <v3.8h> and hyphenation patterns for english, usenglishmax, dumylang, noh
yphenation, arabic, basque, bulgarian, coptic, welsh, czech, slovak, german, ng
erman, danish, esperanto, spanish, catalan, galician, estonian, farsi, finnish,
 french, greek, monogreek, ancientgreek, croatian, hungarian, interlingua, ibyc
us, indonesian, icelandic, italian, latin, mongolian, dutch, norsk, polish, por
tuguese, pinyin, romanian, russian, slovenian, uppersorbian, serbian, swedish, 
turkish, ukenglish, ukrainian, loaded.
(/opt/local/share/texmf-dist/tex/latex/base/article.cls
Document Class: article 2005/09/16 v1.4f Standard LaTeX document class
(/opt/local/share/texmf-dist/tex/latex/base/size10.clo
File: size10.clo 2005/09/16 v1.4f Standard LaTeX file (size option)
)
\c@part=\count79
\c@section=\count80
\c@subsection=\count81
\c@subsubsection=\count82
\c@paragraph=\count83
\c@subparagraph=\count84
\c@figure=\count85
\c@table=\count86
\abovecaptionskip=\skip41
\belowcaptionskip=\skip42
\bibindent=\dimen102
)
(/opt/local/share/texmf-dist/tex/generic/babel/babel.sty
Package: babel 2005/11/23 v3.8h The Babel package

(/opt/local/share/texmf-dist/tex/generic/babel/frenchb.ldf
Language: french 2005/02/06 v1.6g French support from the babel system

(/opt/local/share/texmf-dist/tex/generic/babel/babel.def
File: babel.def 2005/11/23 v3.8h Babel common definitions
\babel@savecnt=\count87
\U@D=\dimen103
)
Package babel Info: Making : an active character on input line 219.
Package babel Info: Making ; an active character on input line 220.
Package babel Info: Making ! an active character on input line 221.
Package babel Info: Making ? an active character on input line 222.
LaTeX Font Info:    Redeclaring font encoding T1 on input line 299.
\parindentFFN=\dimen104
\std@mcc=\count88
\dec@mcc=\count89

*************************************
* Local config file frenchb.cfg used
*
(/opt/local/share/texmf-dist/tex/generic/babel/frenchb.cfg)))
(/opt/local/share/texmf-dist/tex/latex/base/fontenc.sty
Package: fontenc 2005/09/27 v1.99g Standard LaTeX package

(/opt/local/share/texmf-dist/tex/latex/base/t1enc.def
File: t1enc.def 2005/09/27 v1.99g Standard LaTeX file
LaTeX Font Info:    Redeclaring font encoding T1 on input line 43.
))
(/opt/local/share/texmf-dist/tex/latex/base/inputenc.sty
Package: inputenc 2006/05/05 v1.1b Input encoding file
\inpenc@prehook=\toks14
\inpenc@posthook=\toks15

(/opt/local/share/texmf-dist/tex/latex/base/latin1.def
File: latin1.def 2006/05/05 v1.1b Input encoding file
))
(/opt/local/share/texmf-dist/tex/latex/tools/varioref.sty
Package: varioref 2006/05/13 v1.4p package for extended references (FMi)
\c@vrcnt=\count90
)
(/opt/local/share/texmf-dist/tex/latex/graphics/graphicx.sty
Package: graphicx 1999/02/16 v1.0f Enhanced LaTeX Graphics (DPC,SPQR)

(/opt/local/share/texmf-dist/tex/latex/graphics/keyval.sty
Package: keyval 1999/03/16 v1.13 key=value parser (DPC)
\KV@toks@=\toks16
)
(/opt/local/share/texmf-dist/tex/latex/graphics/graphics.sty
Package: graphics 2006/02/20 v1.0o Standard LaTeX Graphics (DPC,SPQR)

(/opt/local/share/texmf-dist/tex/latex/graphics/trig.sty
Package: trig 1999/03/16 v1.09 sin cos tan (DPC)
)
(/opt/local/share/texmf/tex/latex/config/graphics.cfg
File: graphics.cfg 2007/01/18 v1.5 graphics configuration of teTeX/TeXLive
)
Package graphics Info: Driver file: pdftex.def on input line 90.

(/opt/local/share/texmf-dist/tex/latex/pdftex-def/pdftex.def
File: pdftex.def 2007/01/08 v0.04d Graphics/color for pdfTeX
\Gread@gobject=\count91
))
\Gin@req@height=\dimen105
\Gin@req@width=\dimen106
)
(/opt/local/share/texmf-dist/tex/latex/geometry/geometry.sty
Package: geometry 2002/07/08 v3.2 Page Geometry
\Gm@cnth=\count92
\Gm@cntv=\count93
\c@Gm@tempcnt=\count94
\Gm@bindingoffset=\dimen107
\Gm@wd@mp=\dimen108
\Gm@odd@mp=\dimen109
\Gm@even@mp=\dimen110
\Gm@dimlist=\toks17

(/opt/local/share/texmf-dist/tex/xelatex/xetexconfig/geometry.cfg))

LaTeX Warning: Unused global option(s):
    [pdflatex].

(./visualRefCard.aux)
\openout1 = `visualRefCard.aux'.

LaTeX Font Info:    Checking defaults for OML/cmm/m/it on input line 9.
LaTeX Font Info:    ... okay on input line 9.
LaTeX Font Info:    Checking defaults for T1/lmr/m/n on input line 9.
LaTeX Font Info:    Try loading font information for T1+lmr on input line 9.
 (/opt/local/share/texmf-dist/tex/latex/lm/t1lmr.fd
File: t1lmr.fd 2007/01/14 v1.3 Font defs for Latin Modern
)
LaTeX Font Info:    ... okay on input line 9.
LaTeX Font Info:    Checking defaults for OT1/cmr/m/n on input line 9.
LaTeX Font Info:    ... okay on input line 9.
LaTeX Font Info:    Checking defaults for OMS/cmsy/m/n on input line 9.
LaTeX Font Info:    ... okay on input line 9.
LaTeX Font Info:    Checking defaults for OMX/cmex/m/n on input line 9.
LaTeX Font Info:    ... okay on input line 9.
LaTeX Font Info:    Checking defaults for U/cmr/m/n on input line 9.
LaTeX Font Info:    ... okay on input line 9.
LaTeX Info: Redefining \dots on input line 9.

(/opt/local/share/texmf-dist/tex/context/base/supp-pdf.tex
[Loading MPS to PDF converter (version 2006.09.02).]
\scratchcounter=\count95
\scratchdimen=\dimen111
\scratchbox=\box26
\nofMPsegments=\count96
\nofMParguments=\count97
\MPscratchCnt=\count98
\MPscratchDim=\dimen112
\MPnumerator=\count99
\everyMPtoPDFconversion=\toks18
)
-------------------- Geometry parameters
paper: class default
landscape: --
twocolumn: --
twoside: --
asymmetric: --
h-parts: 56.9055pt, 500.484pt, 56.9055pt
v-parts: 28.45274pt, 723.83813pt, 42.67911pt
hmarginratio: --
vmarginratio: 2:3
lines: --
heightrounded: --
bindingoffset: 0.0pt
truedimen: --
includehead: --
includefoot: --
includemp: --
driver: pdftex
-------------------- Page layout dimensions and switches
\paperwidth  614.295pt
\paperheight 794.96999pt
\textwidth  500.484pt
\textheight 723.83813pt
\oddsidemargin  -15.36449pt
\evensidemargin -15.36449pt
\topmargin  -43.81725pt
\headheight 0.0pt
\headsep    0.0pt
\footskip   0.0pt
\marginparwidth 65.0pt
\marginparsep   11.0pt
\columnsep  10.0pt
\skip\footins  9.0pt plus 4.0pt minus 2.0pt
\hoffset 0.0pt
\voffset 0.0pt
\mag 1000

(1in=72.27pt, 1cm=28.45pt)
-----------------------
LaTeX Font Info:    External font `cmex10' loaded for size
(Font)              <12> on input line 13.
LaTeX Font Info:    External font `cmex10' loaded for size
(Font)              <8> on input line 13.
LaTeX Font Info:    External font `cmex10' loaded for size
(Font)              <6> on input line 13.


LaTeX Warning: No \author given.

LaTeX Font Info:    External font `cmex10' loaded for size
(Font)              <7> on input line 24.
LaTeX Font Info:    External font `cmex10' loaded for size
(Font)              <5> on input line 24.
<v_char.pdf, id=1, 105.39375pt x 34.1275pt>
File: v_char.pdf Graphic file (type pdf)
 <use v_char.pdf>
<v_log.pdf, id=2, 140.525pt x 34.1275pt>
File: v_log.pdf Graphic file (type pdf)
 <use v_log.pdf>
<v_num.pdf, id=3, 80.3pt x 34.1275pt>
File: v_num.pdf Graphic file (type pdf)
 <use v_num.pdf>
<v_char_names.pdf, id=4, 105.39375pt x 61.22874pt>
File: v_char_names.pdf Graphic file (type pdf)
 <use v_char_names.pdf>
<v_char_type.pdf, id=5, 168.63pt x 54.2025pt>
File: v_char_type.pdf Graphic file (type pdf)
 <use v_char_type.pdf>
<v_char_length.pdf, id=6, 171.64125pt x 54.2025pt>
File: v_char_length.pdf Graphic file (type pdf)
 <use v_char_length.pdf>
<v_num_type.pdf, id=7, 143.53625pt x 54.2025pt>
File: v_num_type.pdf Graphic file (type pdf)
 <use v_num_type.pdf>
<v_num_length.pdf, id=8, 146.5475pt x 54.2025pt>
File: v_num_length.pdf Graphic file (type pdf)
 <use v_num_length.pdf>
<v_log_type.pdf, id=9, 203.76125pt x 54.2025pt>
File: v_log_type.pdf Graphic file (type pdf)
 <use v_log_type.pdf>
<v_log_length.pdf, id=10, 206.7725pt x 54.2025pt>
File: v_log_length.pdf Graphic file (type pdf)
 <use v_log_length.pdf>
<c_1.pdf, id=11, 131.49126pt x 54.2025pt>
File: c_1.pdf Graphic file (type pdf)
 <use c_1.pdf>
<c_2.pdf, id=12, 214.8025pt x 54.2025pt>
File: c_2.pdf Graphic file (type pdf)
 <use c_2.pdf>
<c_3.pdf, id=13, 175.65625pt x 54.2025pt>
File: c_3.pdf Graphic file (type pdf)
 <use c_3.pdf>
<operator_sequence.pdf, id=14, 69.25874pt x 54.2025pt>
File: operator_sequence.pdf Graphic file (type pdf)

<use operator_sequence.pdf> <seq.pdf, id=15, 115.43124pt x 54.2025pt>
File: seq.pdf Graphic file (type pdf)

<use seq.pdf> <rep.pdf, id=16, 151.56625pt x 54.2025pt>
File: rep.pdf Graphic file (type pdf)
 <use rep.pdf>
<rep_seq.pdf, id=17, 195.73125pt x 74.2775pt>
File: rep_seq.pdf Graphic file (type pdf)
 <use rep_seq.pdf> [1

{/opt/local/share/texmf/fonts/map/pdftex/updmap/pdftex.map} <./v_char.pdf> <./v
_log.pdf> <./v_num.pdf> <./v_char_names.pdf> <./v_char_type.pdf> <./v_char_leng
th.pdf> <./v_num_type.pdf> <./v_num_length.pdf> <./v_log_type.pdf> <./v_log_len
gth.pdf>]
<extract_num.pdf, id=66, 105.39375pt x 54.2025pt>
File: extract_num.pdf Graphic file (type pdf)
 <use extract_num.pdf>
<extract_nums.pdf, id=67, 159.59625pt x 54.2025pt>
File: extract_nums.pdf Graphic file (type pdf)
 <use extract_nums.pdf>
<extract_nums_outsider.pdf, id=68, 194.7275pt x 54.2025pt>
File: extract_nums_outsider.pdf Graphic file (type pdf)

<use extract_nums_outsider.pdf>
<extract_nums_names.pdf, id=69, 117.43875pt x 96.36pt>
File: extract_nums_names.pdf Graphic file (type pdf)

<use extract_nums_names.pdf>
<extract_char_names.pdf, id=70, 113.42375pt x 96.36pt>
File: extract_char_names.pdf Graphic file (type pdf)

<use extract_char_names.pdf> [2 <./c_1.pdf> <./c_2.pdf> <./c_3.pdf> <./operator
_sequence.pdf> <./seq.pdf> <./rep.pdf> <./rep_seq.pdf> <./extract_num.pdf> <./e
xtract_nums.pdf> <./extract_nums_outsider.pdf> <./extract_nums_names.pdf> <./ex
tract_char_names.pdf>] <extract_logical.pdf, id=122, 213.79875pt x 54.2025pt>
File: extract_logical.pdf Graphic file (type pdf)

<use extract_logical.pdf>
<extract_logical_recycling.pdf, id=123, 214.8025pt x 54.2025pt>
File: extract_logical_recycling.pdf Graphic file (type pdf)

<use extract_logical_recycling.pdf>
<extract_repeating.pdf, id=124, 304.13625pt x 74.2775pt>
File: extract_repeating.pdf Graphic file (type pdf)

<use extract_repeating.pdf> <conversion_1.pdf, id=125, 218.8175pt x 74.2775pt>
File: conversion_1.pdf Graphic file (type pdf)

<use conversion_1.pdf> <conversion.pdf, id=126, 210.7875pt x 74.2775pt>
File: conversion.pdf Graphic file (type pdf)

<use conversion.pdf> <which.pdf, id=127, 331.2375pt x 54.2025pt>
File: which.pdf Graphic file (type pdf)

<use which.pdf> <order.pdf, id=128, 144.54pt x 54.2025pt>
File: order.pdf Graphic file (type pdf)
 <use order.pdf>
<order2.pdf, id=129, 166.6225pt x 81.30376pt>
File: order2.pdf Graphic file (type pdf)
 <use order2.pdf>
<which_min.pdf, id=130, 156.585pt x 54.2025pt>
File: which_min.pdf Graphic file (type pdf)
 <use which_min.pdf>
<which_max.pdf, id=131, 159.59625pt x 54.2025pt>
File: which_max.pdf Graphic file (type pdf)
 <use which_max.pdf>
<operator_plus.pdf, id=132, 65.24374pt x 54.2025pt>
File: operator_plus.pdf Graphic file (type pdf)
 <use operator_plus.pdf>
<operator_minus.pdf, id=133, 62.2325pt x 54.2025pt>
File: operator_minus.pdf Graphic file (type pdf)
 <use operator_minus.pdf>
<operator_time.pdf, id=134, 63.23625pt x 54.2025pt>
File: operator_time.pdf Graphic file (type pdf)
 <use operator_time.pdf>
<operator_div.pdf, id=135, 135.50626pt x 54.2025pt>
File: operator_div.pdf Graphic file (type pdf)
 <use operator_div.pdf>
<operator_strict_lt.pdf, id=136, 65.24374pt x 54.2025pt>
File: operator_strict_lt.pdf Graphic file (type pdf)

<use operator_strict_lt.pdf>
<operator_gt_or_equal.pdf, id=137, 72.27pt x 54.2025pt>
File: operator_gt_or_equal.pdf Graphic file (type pdf)

<use operator_gt_or_equal.pdf> [3 <./extract_logical.pdf> <./extract_logical_re
cycling.pdf> <./extract_repeating.pdf> <./conversion_1.pdf> <./conversion.pdf> 
<./which.pdf> <./order.pdf> <./order2.pdf> <./which_min.pdf> <./which_max.pdf> 
<./operator_plus.pdf> <./operator_minus.pdf> <./operator_time.pdf> <./operator_
div.pdf> <./operator_strict_lt.pdf> <./operator_gt_or_equal.pdf>]
<operator_equality_num.pdf, id=205, 72.27pt x 54.2025pt>
File: operator_equality_num.pdf Graphic file (type pdf)

<use operator_equality_num.pdf>
<operator_equality_num_TRUE.pdf, id=206, 72.27pt x 54.2025pt>
File: operator_equality_num_TRUE.pdf Graphic file (type pdf)

<use operator_equality_num_TRUE.pdf>
<operator_equality_log.pdf, id=207, 130.4875pt x 54.2025pt>
File: operator_equality_log.pdf Graphic file (type pdf)

<use operator_equality_log.pdf>
<operator_equality_char.pdf, id=208, 112.42pt x 54.2025pt>
File: operator_equality_char.pdf Graphic file (type pdf)

<use operator_equality_char.pdf>
<operator_plus_vectorized.pdf, id=209, 121.45375pt x 54.2025pt>
File: operator_plus_vectorized.pdf Graphic file (type pdf)

<use operator_plus_vectorized.pdf>
<operator_equal_vectorized.pdf, id=210, 145.54375pt x 54.2025pt>
File: operator_equal_vectorized.pdf Graphic file (type pdf)

<use operator_equal_vectorized.pdf>
<operator_add.pdf, id=211, 194.7275pt x 74.2775pt>
File: operator_add.pdf Graphic file (type pdf)
 <use operator_add.pdf>
<operator_gt.pdf, id=212, 184.69pt x 74.2775pt>
File: operator_gt.pdf Graphic file (type pdf)
 <use operator_gt.pdf>
<operator_recycling.pdf, id=213, 211.79124pt x 54.2025pt>
File: operator_recycling.pdf Graphic file (type pdf)

<use operator_recycling.pdf> <sum.pdf, id=214, 217.81375pt x 74.2775pt>
File: sum.pdf Graphic file (type pdf)

<use sum.pdf> <mean.pdf, id=215, 132.495pt x 54.2025pt>
File: mean.pdf Graphic file (type pdf)
 <use mean.pdf>
<range.pdf, id=216, 133.49875pt x 54.2025pt>
File: range.pdf Graphic file (type pdf)
 <use range.pdf>
<rev.pdf, id=217, 119.44624pt x 54.2025pt>
File: rev.pdf Graphic file (type pdf)
 <use rev.pdf>
<max.pdf, id=218, 125.46875pt x 54.2025pt>
File: max.pdf Graphic file (type pdf)
 <use max.pdf>
<min.pdf, id=219, 122.4575pt x 54.2025pt>
File: min.pdf Graphic file (type pdf)
 <use min.pdf>
<cumsum.pdf, id=220, 148.555pt x 54.2025pt>
File: cumsum.pdf Graphic file (type pdf)
 <use cumsum.pdf> [4 <./operator_equality_num.pdf> <./operator_equality_num_TRU
E.pdf> <./operator_equality_log.pdf> <./operator_equality_char.pdf> <./operator
_plus_vectorized.pdf> <./operator_equal_vectorized.pdf> <./operator_add.pdf> <.
/operator_gt.pdf> <./operator_recycling.pdf> <./sum.pdf> <./mean.pdf> <./range.
pdf> <./rev.pdf> <./max.pdf> <./min.pdf>] <sort.pdf, id=284, 122.4575pt x 54.20
25pt>
File: sort.pdf Graphic file (type pdf)
 <use sort.pdf>
<sort2.pdf, id=285, 259.97125pt x 54.2025pt>
File: sort2.pdf Graphic file (type pdf)
 <use sort2.pdf>
<sort_char.pdf, id=286, 129.48375pt x 54.2025pt>
File: sort_char.pdf Graphic file (type pdf)
 <use sort_char.pdf>
<sort_char_names.pdf, id=287, 158.5925pt x 108.405pt>
File: sort_char_names.pdf Graphic file (type pdf)

<use sort_char_names.pdf> <nchar.pdf, id=288, 159.59625pt x 54.2025pt>
File: nchar.pdf Graphic file (type pdf)

<use nchar.pdf> <paste.pdf, id=289, 164.615pt x 54.2025pt>
File: paste.pdf Graphic file (type pdf)
 <use paste.pdf>
<paste2.pdf, id=290, 238.8925pt x 54.2025pt>
File: paste2.pdf Graphic file (type pdf)
 <use paste2.pdf>
<paste3.pdf, id=291, 215.80624pt x 54.2025pt>
File: paste3.pdf Graphic file (type pdf)
 <use paste3.pdf>
<paste4.pdf, id=292, 206.7725pt x 54.2025pt>
File: paste4.pdf Graphic file (type pdf)
 <use paste4.pdf>
<paste5.pdf, id=293, 489.83pt x 128.48pt>
File: paste5.pdf Graphic file (type pdf)
 <use paste5.pdf>
Overfull \hbox (4.3448pt too wide) in paragraph at lines 194--195
[][] 
 []

[5 <./cumsum.pdf> <./sort.pdf> <./sort2.pdf> <./sort_char.pdf> <./sort_char_nam
es.pdf> <./nchar.pdf> <./paste.pdf> <./paste2.pdf> <./paste3.pdf> <./paste4.pdf
> <./paste5.pdf>] <precedence.pdf, id=341, 183.68625pt x 74.2775pt>
File: precedence.pdf Graphic file (type pdf)

<use precedence.pdf>
File: operator_gt.pdf Graphic file (type pdf)
 <use operator_gt.pdf>
<operator_gt_inv.pdf, id=342, 184.69pt x 74.2775pt>
File: operator_gt_inv.pdf Graphic file (type pdf)
 <use operator_gt_inv.pdf>
<matrix.pdf, id=343, 238.8925pt x 103.38625pt>
File: matrix.pdf Graphic file (type pdf)
 <use matrix.pdf>
<matrix_arg.pdf, id=344, 190.7125pt x 103.38625pt>
File: matrix_arg.pdf Graphic file (type pdf)
 <use matrix_arg.pdf>
<matrix_byrow.pdf, id=345, 301.125pt x 103.38625pt>
File: matrix_byrow.pdf Graphic file (type pdf)
 <use matrix_byrow.pdf>
<matrix_nbcol.pdf, id=346, 234.8775pt x 89.33376pt>
File: matrix_nbcol.pdf Graphic file (type pdf)
 <use matrix_nbcol.pdf>
<matrix_logical.pdf, id=347, 277.035pt x 68.255pt>
File: matrix_logical.pdf Graphic file (type pdf)
 <use matrix_logical.pdf>
Overfull \hbox (74.51718pt too wide) in paragraph at lines 223--228
[][] 
 []

<matrix_extraction.pdf, id=348, 128.48pt x 68.255pt>
File: matrix_extraction.pdf Graphic file (type pdf)

<use matrix_extraction.pdf>
<matrix_extraction3.pdf, id=349, 188.705pt x 117.43875pt>
File: matrix_extraction3.pdf Graphic file (type pdf)

<use matrix_extraction3.pdf>
<matrix_extraction2.pdf, id=350, 158.5925pt x 103.38625pt>
File: matrix_extraction2.pdf Graphic file (type pdf)

<use matrix_extraction2.pdf>
<matrix_extraction4.pdf, id=351, 176.66pt x 106.3975pt>
File: matrix_extraction4.pdf Graphic file (type pdf)

<use matrix_extraction4.pdf>
<matrix_extraction5.pdf, id=352, 246.9225pt x 106.3975pt> [6 <./precedence.pdf>
 <./operator_gt_inv.pdf> <./matrix.pdf> <./matrix_arg.pdf> <./matrix_byrow.pdf>
 <./matrix_nbcol.pdf> <./matrix_logical.pdf>]
File: matrix_extraction5.pdf Graphic file (type pdf)
 <use matrix_extraction5.pdf>
<matrix_extraction8.pdf, id=385, 148.555pt x 106.3975pt>
File: matrix_extraction8.pdf Graphic file (type pdf)

<use matrix_extraction8.pdf>
<matrix_extraction6.pdf, id=386, 161.60374pt x 146.5475pt>
File: matrix_extraction6.pdf Graphic file (type pdf)

<use matrix_extraction6.pdf>
<matrix_extraction7.pdf, id=387, 173.64874pt x 160.6pt>
File: matrix_extraction7.pdf Graphic file (type pdf)

<use matrix_extraction7.pdf>
Overfull \hbox (2.76566pt too wide) in paragraph at lines 243--246
[][] [] [] 
 []

<nrow.pdf, id=388, 116.435pt x 68.255pt>
File: nrow.pdf Graphic file (type pdf)
 <use nrow.pdf>
<ncol.pdf, id=389, 112.42pt x 68.255pt>
File: ncol.pdf Graphic file (type pdf)
 <use ncol.pdf>
<dim.pdf, id=390, 109.40875pt x 68.255pt>
File: dim.pdf Graphic file (type pdf)
 <use dim.pdf>
<rownames.pdf, id=391, 166.6225pt x 106.3975pt>
File: rownames.pdf Graphic file (type pdf)
 <use rownames.pdf>
<colnames.pdf, id=392, 162.6075pt x 106.3975pt>
File: colnames.pdf Graphic file (type pdf)
 <use colnames.pdf> [7 <./matrix_extraction.pdf> <./matrix_extraction3.pdf> <./
matrix_extraction2.pdf> <./matrix_extraction4.pdf> <./matrix_extraction5.pdf> <
./matrix_extraction8.pdf> <./matrix_extraction6.pdf> <./matrix_extraction7.pdf>
 <./nrow.pdf> <./ncol.pdf> <./dim.pdf>] <matrix_sum.pdf, id=441, 113.42375pt x 
68.255pt>
File: matrix_sum.pdf Graphic file (type pdf)
 <use matrix_sum.pdf>
<rowSums.pdf, id=442, 140.525pt x 68.255pt>
File: rowSums.pdf Graphic file (type pdf)
 <use rowSums.pdf>
<colSums.pdf, id=443, 136.51pt x 68.255pt>
File: colSums.pdf Graphic file (type pdf)
 <use colSums.pdf>
<rowsum.pdf, id=444, 206.7725pt x 140.525pt>
File: rowsum.pdf Graphic file (type pdf)
 <use rowsum.pdf>
<as_vector.pdf, id=445, 139.52126pt x 68.255pt>
File: as_vector.pdf Graphic file (type pdf)
 <use as_vector.pdf>
<matrix_operator.pdf, id=446, 90.3375pt x 83.31125pt>
File: matrix_operator.pdf Graphic file (type pdf)

<use matrix_operator.pdf> <cbind.pdf, id=447, 214.8025pt x 157.58875pt>
File: cbind.pdf Graphic file (type pdf)

<use cbind.pdf> <rbind.pdf, id=448, 212.795pt x 186.6975pt>
File: rbind.pdf Graphic file (type pdf)
 <use rbind.pdf>
<merge.pdf, id=449, 233.87375pt x 128.48pt> [8 <./rownames.pdf> <./colnames.pdf
> <./matrix_sum.pdf> <./rowSums.pdf> <./colSums.pdf> <./rowsum.pdf> <./as_vecto
r.pdf> <./matrix_operator.pdf>]
File: merge.pdf Graphic file (type pdf)
 <use merge.pdf>
<t.pdf, id=485, 93.34875pt x 97.36375pt>
File: t.pdf Graphic file (type pdf)
 <use t.pdf>
<list_enumerate.pdf, id=486, 170.6375pt x 65.24374pt>
File: list_enumerate.pdf Graphic file (type pdf)
 <use list_enumerate.pdf>
<list_onetype.pdf, id=487, 149.55875pt x 85.31876pt>
File: list_onetype.pdf Graphic file (type pdf)
 <use list_onetype.pdf>
<list_twotypes.pdf, id=488, 166.6225pt x 85.31876pt>
File: list_twotypes.pdf Graphic file (type pdf)
 <use list_twotypes.pdf>
<list_matrix.pdf, id=489, 304.13625pt x 134.5025pt>
File: list_matrix.pdf Graphic file (type pdf)
 <use list_matrix.pdf>
Overfull \hbox (9.27359pt too wide) in paragraph at lines 304--307
[][] 
 []

[9 <./cbind.pdf> <./rbind.pdf> <./merge.pdf> <./t.pdf> <./list_enumerate.pdf> <
./list_onetype.pdf>] <list_complex.pdf, id=517, 345.29pt x 128.48pt>
File: list_complex.pdf Graphic file (type pdf)

<use list_complex.pdf> <list_names.pdf, id=518, 233.87375pt x 65.24374pt>
File: list_names.pdf Graphic file (type pdf)

<use list_names.pdf> <list_length.pdf, id=519, 229.85875pt x 65.24374pt>
File: list_length.pdf Graphic file (type pdf)

<use list_length.pdf> <list_mode.pdf, id=520, 227.85126pt x 65.24374pt>
File: list_mode.pdf Graphic file (type pdf)

<use list_mode.pdf>
<list_extract_simple.pdf, id=521, 207.77625pt x 117.43875pt>
File: list_extract_simple.pdf Graphic file (type pdf)

<use list_extract_simple.pdf>
<list_extract_double.pdf, id=522, 214.8025pt x 106.3975pt>
File: list_extract_double.pdf Graphic file (type pdf)

<use list_extract_double.pdf> [10 <./list_twotypes.pdf> <./list_matrix.pdf> <./
list_complex.pdf> <./list_names.pdf> <./list_length.pdf> <./list_mode.pdf> <./l
ist_extract_simple.pdf> <./list_extract_double.pdf>]
<list_successive_extraction.pdf, id=558, 275.0275pt x 128.48pt>
File: list_successive_extraction.pdf Graphic file (type pdf)

<use list_successive_extraction.pdf>
<unlist.pdf, id=559, 225.84375pt x 65.24374pt>
File: unlist.pdf Graphic file (type pdf)
 <use unlist.pdf>
<aslist.pdf, id=560, 133.49875pt x 85.31876pt>
File: aslist.pdf Graphic file (type pdf)
 <use aslist.pdf>
<split.pdf, id=561, 290.08376pt x 65.24374pt>
File: split.pdf Graphic file (type pdf)
 <use split.pdf>
<strsplit.pdf, id=562, 329.23pt x 85.31876pt>
File: strsplit.pdf Graphic file (type pdf)
 <use strsplit.pdf>
<strsplit_2.pdf, id=563, 420.57124pt x 85.31876pt>
File: strsplit_2.pdf Graphic file (type pdf)
 <use strsplit_2.pdf>
<substr.pdf, id=564, 182.6825pt x 54.2025pt>
File: substr.pdf Graphic file (type pdf)
 <use substr.pdf>
<substr_2.pdf, id=565, 289.08pt x 74.2775pt> [11 <./list_successive_extraction.
pdf> <./unlist.pdf> <./aslist.pdf> <./split.pdf> <./strsplit.pdf> <./strsplit_2
.pdf>]
File: substr_2.pdf Graphic file (type pdf)
 <use substr_2.pdf> <substr_3.pdf, id=593, 427.5975pt x 74.2775pt>
File: substr_3.pdf Graphic file (type pdf)

<use substr_3.pdf> <grep.pdf, id=594, 230.8625pt x 54.2025pt>
File: grep.pdf Graphic file (type pdf)
 <use grep.pdf>
<grepl.pdf, id=595, 233.87375pt x 54.2025pt>
File: grepl.pdf Graphic file (type pdf)
 <use grepl.pdf>
<sub.pdf, id=596, 283.0575pt x 54.2025pt>
File: sub.pdf Graphic file (type pdf)
 <use sub.pdf>
<gsub.pdf, id=597, 290.08376pt x 54.2025pt>
File: gsub.pdf Graphic file (type pdf)
 <use gsub.pdf> [12 <./substr.pdf> <./substr_2.pdf> <./substr_3.pdf> <./grep.pd
f> <./grepl.pdf> <./sub.pdf> <./gsub.pdf>] (./visualRefCard.aux) ) 
Here is how much of TeX's memory you used:
 2710 strings out of 94073
 37505 string characters out of 1164796
 82067 words of memory out of 1500000
 5891 multiletter control sequences out of 10000+50000
 10990 words of font info for 29 fonts, out of 1200000 for 2000
 645 hyphenation exceptions out of 8191
 25i,10n,24p,333b,195s stack positions out of 5000i,500n,6000p,200000b,5000s
{/opt/local/s
hare/texmf-dist/fonts/enc/dvips/cm-super/cm-super-t1.enc}</opt/local/share/texm
f-dist/fonts/type1/public/cm-super/sfbx1200.pfb></opt/local/share/texmf-dist/fo
nts/type1/public/cm-super/sfbx1440.pfb></opt/local/share/texmf-dist/fonts/type1
/public/cm-super/sfrm1000.pfb></opt/local/share/texmf-dist/fonts/type1/public/c
m-super/sfrm1200.pfb></opt/local/share/texmf-dist/fonts/type1/public/cm-super/s
frm1728.pfb>
Output written on visualRefCard.pdf (12 pages, 480591 bytes).
PDF statistics:
 647 PDF objects out of 1000 (max. 8388607)
 0 named destinations out of 1000 (max. 131072)
 586 words of extra memory for PDF output out of 10000 (max. 10000000)

